<?xml version="1.0" encoding="UTF-8"?>
<!-- Generated by org.testng.reporters.JUnitReportReporter -->
<testsuite skipped="0" hostname="LAPTOP-6GOUHF80" name="org.demo.Employee" tests="7" failures="0" timestamp="19 Nov 2022 18:02:55 GMT" time="0.014" errors="0">
  <testcase name="tc11" time="0.008" classname="org.demo.Employee"/>
  <testcase name="tc12" time="0.006" classname="org.demo.Employee"/>
  <testcase name="tc15" time="0.000" classname="org.demo.Employee"/>
  <testcase name="tc15" time="0.000" classname="org.demo.Employee"/>
  <testcase name="tc15" time="0.000" classname="org.demo.Employee"/>
  <testcase name="tc14" time="0.000" classname="org.demo.Employee"/>
  <testcase name="tc13" time="0.000" classname="org.demo.Employee"/>
</testsuite> <!-- org.demo.Employee -->
