<?xml version="1.0" encoding="UTF-8"?>
<!-- Generated by org.testng.reporters.JUnitReportReporter -->
<testsuite skipped="0" hostname="LAPTOP-6GOUHF80" name="org.demo.Company" tests="4" failures="0" timestamp="21 Nov 2022 06:59:58 GMT" time="0.007" errors="0">
  <testcase name="tc34" time="0.001" classname="org.demo.Company"/>
  <testcase name="tc32" time="0.005" classname="org.demo.Company"/>
  <testcase name="tc35" time="0.000" classname="org.demo.Company"/>
  <testcase name="tc33" time="0.001" classname="org.demo.Company"/>
</testsuite> <!-- org.demo.Company -->
