<?xml version="1.0" encoding="UTF-8"?>
<!-- Generated by org.testng.reporters.JUnitReportReporter -->
<testsuite skipped="0" hostname="LAPTOP-6GOUHF80" name="org.demo.Login" tests="3" failures="0" timestamp="19 Nov 2022 18:04:02 GMT" time="37.165" errors="0">
  <testcase name="login" time="12.355" classname="org.demo.Login"/>
  <testcase name="login" time="12.548" classname="org.demo.Login"/>
  <testcase name="login" time="12.262" classname="org.demo.Login"/>
</testsuite> <!-- org.demo.Login -->
