<?xml version="1.0" encoding="UTF-8"?>
<!-- Generated by org.testng.reporters.JUnitReportReporter -->
<testsuite skipped="0" hostname="LAPTOP-6GOUHF80" name="org.demo.Sample" tests="1" failures="0" timestamp="17 Dec 2022 14:33:47 GMT" time="0.000" errors="0">
  <testcase name="test" time="0.000" classname="org.demo.Sample"/>
</testsuite> <!-- org.demo.Sample -->
